Admin
Admin
Admin
Admin
Admin
Admin
Admin
Admin
Admin
Admin
Admin
Admin
Admin
Admin
Admin
Admin
Admin
Admin
Admin
Admin
Admin
Admin
Admin
Admin
Admin
Admin
Admin
Admin
Admin
Admin
Admin
Admin
Admin
Admin
Admin
Admin
Admin
Admin
Admin
Admin
Admin
Admin
Admin
Admin
Admin
Admin
Admin
Admin
Admin
Admin
Admin
Admin
Admin
Admin
Admin
Admin
Admin
Admin
[UID:4214][2230406] Reached max children process limit: 6, extra: 2, current: 8, busy: 8, please increase LSAPI_CHILDREN.
[UID:4214][2230406] Reached max children process limit: 6, extra: 2, current: 8, busy: 8, please increase LSAPI_CHILDREN.
[UID:4214][2230406] Reached max children process limit: 6, extra: 2, current: 8, busy: 8, please increase LSAPI_CHILDREN.
[UID:4214][2230406] Reached max children process limit: 6, extra: 2, current: 8, busy: 8, please increase LSAPI_CHILDREN.
[UID:4214][2230406] Reached max children process limit: 6, extra: 2, current: 8, busy: 8, please increase LSAPI_CHILDREN.
[UID:4214][2230406] Reached max children process limit: 6, extra: 2, current: 8, busy: 8, please increase LSAPI_CHILDREN.
[UID:4214][2230406] Reached max children process limit: 6, extra: 2, current: 8, busy: 8, please increase LSAPI_CHILDREN.
[UID:4214][2230406] Reached max children process limit: 6, extra: 2, current: 8, busy: 8, please increase LSAPI_CHILDREN.
[UID:4214][2230406] Reached max children process limit: 6, extra: 2, current: 8, busy: 8, please increase LSAPI_CHILDREN.
[UID:4214][2230406] Reached max children process limit: 6, extra: 2, current: 8, busy: 8, please increase LSAPI_CHILDREN.
[UID:4214][2230406] Reached max children process limit: 6, extra: 2, current: 8, busy: 8, please increase LSAPI_CHILDREN.
[UID:4214][2230406] Reached max children process limit: 6, extra: 2, current: 8, busy: 8, please increase LSAPI_CHILDREN.
[UID:4214][2230406] Reached max children process limit: 6, extra: 2, current: 8, busy: 8, please increase LSAPI_CHILDREN.
[UID:4214][2230406] Reached max children process limit: 6, extra: 2, current: 8, busy: 8, please increase LSAPI_CHILDREN.
[UID:4214][2230406] Reached max children process limit: 6, extra: 2, current: 8, busy: 8, please increase LSAPI_CHILDREN.
[UID:4214][2230406] Reached max children process limit: 6, extra: 2, current: 8, busy: 8, please increase LSAPI_CHILDREN.
[UID:4214][2230406] Reached max children process limit: 6, extra: 2, current: 8, busy: 8, please increase LSAPI_CHILDREN.
[UID:4214][2230406] Reached max children process limit: 6, extra: 2, current: 8, busy: 7, please increase LSAPI_CHILDREN.
Admin
Admin
Admin
Admin
Admin
Admin
Admin
Admin
Admin
Admin
Admin
Admin
Admin
Admin
Admin
Admin
Admin
Admin
Admin
Admin
Admin
Admin
Admin
Admin
Admin
Admin
Admin
Admin
Admin
Admin
Admin
Admin
Admin
Admin
Admin
Admin
Admin
Admin
Admin
Admin
Admin
Admin
Admin
Admin
Admin
Admin
Admin
Admin
Admin
OSError: LSAPI: Socket read/write error
Admin
Admin
[UID:4214][353466] packetLen < 0
Admin
Admin
Admin
Admin
Admin
Admin
Admin
Admin
Admin
Admin
Admin
Admin
Admin
Admin
Admin
Admin
Admin
Admin
Admin
Admin
Admin
Admin
Admin
Admin
Admin
Admin
Admin
Admin
Admin
Admin
Admin
Admin
Admin
Admin
Admin
Admin
Admin
Admin
Admin
Admin
Admin
Admin
Admin
Admin
Admin
Admin
Admin
Admin
Admin
Admin
Admin
Admin
Admin
Admin
Admin
Admin
Admin
Admin
Admin
Admin
Admin
Admin
Admin
Admin
Admin
Admin
Admin
Admin
Admin
Admin
Admin
Admin
Admin
Admin
Admin
Admin
Admin
Admin
Admin
Admin
Admin
Admin
Admin
Admin
Admin
Admin
Admin
Admin
Admin
Admin
Admin
Admin
Admin
Admin
Admin
Admin
Admin
Admin
Admin
Admin
Admin
Admin
Admin
Admin
Admin
Admin
Admin
Admin
Admin
Admin
Admin
Admin
Admin
Admin
Admin
Admin
Admin
Admin
Admin
Admin
Admin
Admin
Admin
Admin
Admin
Admin
Admin
Admin
Admin
Admin
Admin
Admin
Admin
Admin
Admin
Admin
Admin
Admin
Admin
Admin
Admin
Admin
Admin
Admin
Admin
Admin
Admin
Admin
Admin
Admin
Admin
Admin
Admin
Admin
Admin
Admin
Admin
Admin
Admin
Admin
Admin
Admin
Admin
Admin
Admin
Admin
Admin
Admin
Admin
Admin
Admin
Admin
Admin
Admin
Admin
Admin
Admin
Admin
Admin
Admin
Admin
Admin
Admin
Admin
Admin
Admin
Admin
Admin
Admin
Admin
Admin
Admin
[UID:4214][3378135] Reached max children process limit: 6, extra: 2, current: 8, busy: 6, please increase LSAPI_CHILDREN.
[UID:4214][3378135] Reached max children process limit: 6, extra: 2, current: 8, busy: 8, please increase LSAPI_CHILDREN.
[UID:4214][3378135] Reached max children process limit: 6, extra: 2, current: 8, busy: 8, please increase LSAPI_CHILDREN.
[UID:4214][3378135] Reached max children process limit: 6, extra: 2, current: 8, busy: 8, please increase LSAPI_CHILDREN.
[UID:4214][3378135] Reached max children process limit: 6, extra: 2, current: 8, busy: 8, please increase LSAPI_CHILDREN.
[UID:4214][3378135] Reached max children process limit: 6, extra: 2, current: 8, busy: 8, please increase LSAPI_CHILDREN.
[UID:4214][3378135] Reached max children process limit: 6, extra: 2, current: 8, busy: 8, please increase LSAPI_CHILDREN.
[UID:4214][3378135] Reached max children process limit: 6, extra: 2, current: 8, busy: 8, please increase LSAPI_CHILDREN.
[UID:4214][3378135] Reached max children process limit: 6, extra: 2, current: 8, busy: 8, please increase LSAPI_CHILDREN.
[UID:4214][3378135] Reached max children process limit: 6, extra: 2, current: 8, busy: 8, please increase LSAPI_CHILDREN.
[UID:4214][3378135] Reached max children process limit: 6, extra: 2, current: 8, busy: 8, please increase LSAPI_CHILDREN.
[UID:4214][3378135] Reached max children process limit: 6, extra: 2, current: 8, busy: 8, please increase LSAPI_CHILDREN.
[UID:4214][3378135] Reached max children process limit: 6, extra: 2, current: 8, busy: 8, please increase LSAPI_CHILDREN.
[UID:4214][3378135] Reached max children process limit: 6, extra: 2, current: 8, busy: 8, please increase LSAPI_CHILDREN.
[UID:4214][3378135] Reached max children process limit: 6, extra: 2, current: 8, busy: 8, please increase LSAPI_CHILDREN.
[UID:4214][3378135] Reached max children process limit: 6, extra: 2, current: 8, busy: 8, please increase LSAPI_CHILDREN.
[UID:4214][3378135] Reached max children process limit: 6, extra: 2, current: 8, busy: 8, please increase LSAPI_CHILDREN.
[UID:4214][3378135] Reached max children process limit: 6, extra: 2, current: 8, busy: 8, please increase LSAPI_CHILDREN.
[UID:4214][3378135] Reached max children process limit: 6, extra: 2, current: 8, busy: 8, please increase LSAPI_CHILDREN.
[UID:4214][3378135] Reached max children process limit: 6, extra: 2, current: 8, busy: 8, please increase LSAPI_CHILDREN.
[UID:4214][3378135] Reached max children process limit: 6, extra: 2, current: 8, busy: 8, please increase LSAPI_CHILDREN.
[UID:4214][3378135] Reached max children process limit: 6, extra: 2, current: 8, busy: 7, please increase LSAPI_CHILDREN.
[UID:4214][3378135] Reached max children process limit: 6, extra: 2, current: 8, busy: 8, please increase LSAPI_CHILDREN.
Admin
Admin
Admin
Admin
Admin
Admin
Admin
Admin
Admin
Admin
[2023-10-04 11:21:46,636] ERROR in app: Exception on /changepassadmin [POST]
Traceback (most recent call last):
  File "/home4/ttooltx123site/virtualenv/TheAnh/3.8/lib/python3.8/site-packages/flask/app.py", line 2190, in wsgi_app
    response = self.full_dispatch_request()
  File "/home4/ttooltx123site/virtualenv/TheAnh/3.8/lib/python3.8/site-packages/flask/app.py", line 1486, in full_dispatch_request
    rv = self.handle_user_exception(e)
  File "/home4/ttooltx123site/virtualenv/TheAnh/3.8/lib/python3.8/site-packages/flask/app.py", line 1484, in full_dispatch_request
    rv = self.dispatch_request()
  File "/home4/ttooltx123site/virtualenv/TheAnh/3.8/lib/python3.8/site-packages/flask/app.py", line 1469, in dispatch_request
    return self.ensure_sync(self.view_functions[rule.endpoint])(**view_args)
  File "/home4/ttooltx123site/TheAnh/routes/users.py", line 84, in changepassadmin
    user.set_password(new_password)
AttributeError: 'NoneType' object has no attribute 'set_password'
[2023-10-04 11:21:50,421] ERROR in app: Exception on /changepassadmin [POST]
Traceback (most recent call last):
  File "/home4/ttooltx123site/virtualenv/TheAnh/3.8/lib/python3.8/site-packages/flask/app.py", line 2190, in wsgi_app
    response = self.full_dispatch_request()
  File "/home4/ttooltx123site/virtualenv/TheAnh/3.8/lib/python3.8/site-packages/flask/app.py", line 1486, in full_dispatch_request
    rv = self.handle_user_exception(e)
  File "/home4/ttooltx123site/virtualenv/TheAnh/3.8/lib/python3.8/site-packages/flask/app.py", line 1484, in full_dispatch_request
    rv = self.dispatch_request()
  File "/home4/ttooltx123site/virtualenv/TheAnh/3.8/lib/python3.8/site-packages/flask/app.py", line 1469, in dispatch_request
    return self.ensure_sync(self.view_functions[rule.endpoint])(**view_args)
  File "/home4/ttooltx123site/TheAnh/routes/users.py", line 84, in changepassadmin
    user.set_password(new_password)
AttributeError: 'NoneType' object has no attribute 'set_password'
OK
Admin
OK
[2023-10-04 11:46:40,393] ERROR in app: Exception on /changepassadmin [POST]
Traceback (most recent call last):
  File "/home4/ttooltx123site/virtualenv/TheAnh/3.8/lib/python3.8/site-packages/flask/app.py", line 2190, in wsgi_app
    response = self.full_dispatch_request()
  File "/home4/ttooltx123site/virtualenv/TheAnh/3.8/lib/python3.8/site-packages/flask/app.py", line 1486, in full_dispatch_request
    rv = self.handle_user_exception(e)
  File "/home4/ttooltx123site/virtualenv/TheAnh/3.8/lib/python3.8/site-packages/flask/app.py", line 1484, in full_dispatch_request
    rv = self.dispatch_request()
  File "/home4/ttooltx123site/virtualenv/TheAnh/3.8/lib/python3.8/site-packages/flask/app.py", line 1469, in dispatch_request
    return self.ensure_sync(self.view_functions[rule.endpoint])(**view_args)
  File "/home4/ttooltx123site/TheAnh/routes/users.py", line 84, in changepassadmin
    user.set_password(new_password)
AttributeError: 'NoneType' object has no attribute 'set_password'
[2023-10-04 11:46:43,679] ERROR in app: Exception on /changepassadmin [POST]
Traceback (most recent call last):
  File "/home4/ttooltx123site/virtualenv/TheAnh/3.8/lib/python3.8/site-packages/flask/app.py", line 2190, in wsgi_app
    response = self.full_dispatch_request()
  File "/home4/ttooltx123site/virtualenv/TheAnh/3.8/lib/python3.8/site-packages/flask/app.py", line 1486, in full_dispatch_request
    rv = self.handle_user_exception(e)
  File "/home4/ttooltx123site/virtualenv/TheAnh/3.8/lib/python3.8/site-packages/flask/app.py", line 1484, in full_dispatch_request
    rv = self.dispatch_request()
  File "/home4/ttooltx123site/virtualenv/TheAnh/3.8/lib/python3.8/site-packages/flask/app.py", line 1469, in dispatch_request
    return self.ensure_sync(self.view_functions[rule.endpoint])(**view_args)
  File "/home4/ttooltx123site/TheAnh/routes/users.py", line 84, in changepassadmin
    user.set_password(new_password)
AttributeError: 'NoneType' object has no attribute 'set_password'
[2023-10-04 11:51:22,151] ERROR in app: Exception on /changepassadmin [POST]
Traceback (most recent call last):
  File "/home4/ttooltx123site/virtualenv/TheAnh/3.8/lib/python3.8/site-packages/flask/app.py", line 2190, in wsgi_app
    response = self.full_dispatch_request()
  File "/home4/ttooltx123site/virtualenv/TheAnh/3.8/lib/python3.8/site-packages/flask/app.py", line 1486, in full_dispatch_request
    rv = self.handle_user_exception(e)
  File "/home4/ttooltx123site/virtualenv/TheAnh/3.8/lib/python3.8/site-packages/flask/app.py", line 1484, in full_dispatch_request
    rv = self.dispatch_request()
  File "/home4/ttooltx123site/virtualenv/TheAnh/3.8/lib/python3.8/site-packages/flask/app.py", line 1469, in dispatch_request
    return self.ensure_sync(self.view_functions[rule.endpoint])(**view_args)
  File "/home4/ttooltx123site/TheAnh/routes/users.py", line 84, in changepassadmin
    user.set_password(new_password)
AttributeError: 'NoneType' object has no attribute 'set_password'
[2023-10-04 11:51:32,467] ERROR in app: Exception on /changepassadmin [POST]
Traceback (most recent call last):
  File "/home4/ttooltx123site/virtualenv/TheAnh/3.8/lib/python3.8/site-packages/flask/app.py", line 2190, in wsgi_app
    response = self.full_dispatch_request()
  File "/home4/ttooltx123site/virtualenv/TheAnh/3.8/lib/python3.8/site-packages/flask/app.py", line 1486, in full_dispatch_request
    rv = self.handle_user_exception(e)
  File "/home4/ttooltx123site/virtualenv/TheAnh/3.8/lib/python3.8/site-packages/flask/app.py", line 1484, in full_dispatch_request
    rv = self.dispatch_request()
  File "/home4/ttooltx123site/virtualenv/TheAnh/3.8/lib/python3.8/site-packages/flask/app.py", line 1469, in dispatch_request
    return self.ensure_sync(self.view_functions[rule.endpoint])(**view_args)
  File "/home4/ttooltx123site/TheAnh/routes/users.py", line 84, in changepassadmin
    user.set_password(new_password)
AttributeError: 'NoneType' object has no attribute 'set_password'
[2023-10-04 11:52:26,246] ERROR in app: Exception on /changepassadmin [POST]
Traceback (most recent call last):
  File "/home4/ttooltx123site/virtualenv/TheAnh/3.8/lib/python3.8/site-packages/flask/app.py", line 2190, in wsgi_app
    response = self.full_dispatch_request()
  File "/home4/ttooltx123site/virtualenv/TheAnh/3.8/lib/python3.8/site-packages/flask/app.py", line 1486, in full_dispatch_request
    rv = self.handle_user_exception(e)
  File "/home4/ttooltx123site/virtualenv/TheAnh/3.8/lib/python3.8/site-packages/flask/app.py", line 1484, in full_dispatch_request
    rv = self.dispatch_request()
  File "/home4/ttooltx123site/virtualenv/TheAnh/3.8/lib/python3.8/site-packages/flask/app.py", line 1469, in dispatch_request
    return self.ensure_sync(self.view_functions[rule.endpoint])(**view_args)
  File "/home4/ttooltx123site/TheAnh/routes/users.py", line 84, in changepassadmin
    user.set_password(new_password)
AttributeError: 'NoneType' object has no attribute 'set_password'
Admin
Admin
Admin
OK
OK
OK
OK
Admin
Admin
Admin
[2023-10-04 12:29:30,973] ERROR in app: Exception on /changepassadmin [POST]
Traceback (most recent call last):
  File "/home4/ttooltx123site/virtualenv/TheAnh/3.8/lib/python3.8/site-packages/flask/app.py", line 2190, in wsgi_app
    response = self.full_dispatch_request()
  File "/home4/ttooltx123site/virtualenv/TheAnh/3.8/lib/python3.8/site-packages/flask/app.py", line 1486, in full_dispatch_request
    rv = self.handle_user_exception(e)
  File "/home4/ttooltx123site/virtualenv/TheAnh/3.8/lib/python3.8/site-packages/flask/app.py", line 1484, in full_dispatch_request
    rv = self.dispatch_request()
  File "/home4/ttooltx123site/virtualenv/TheAnh/3.8/lib/python3.8/site-packages/flask/app.py", line 1469, in dispatch_request
    return self.ensure_sync(self.view_functions[rule.endpoint])(**view_args)
  File "/home4/ttooltx123site/TheAnh/routes/users.py", line 84, in changepassadmin
    user.set_password(new_password)
AttributeError: 'NoneType' object has no attribute 'set_password'
Admin
Admin
Admin
Admin
Admin
User
User
User
Admin
Admin
Admin
User
User
User
User
User
User
User
User
User
User
Admin
Admin
Admin
Admin
Admin
User
User
User
